android-app/app/build/intermediates/manifest_merge_blame_file/debug/manifest-merger-blame-debug-report.txt
1<?xml version="1.0" encoding="utf-8"?>
2<manifest xmlns:android="http://schemas.android.com/apk/res/android"
3    package="com.furniture.app"
4    android:versionCode="1"
5    android:versionName="1.0" >
6
7    <uses-sdk
8        android:minSdkVersion="24"
9        android:targetSdkVersion="34" />
10
11    <!-- Permissions -->
12    <uses-permission android:name="android.permission.INTERNET" />
12-->src\main\AndroidManifest.xml:6:5-67
12-->src\main\AndroidManifest.xml:6:22-64
13    <uses-permission android:name="android.permission.ACCESS_NETWORK_STATE" />
13-->src\main\AndroidManifest.xml:7:5-79
13-->src\main\AndroidManifest.xml:7:22-76
14    <uses-permission
14-->src\main\AndroidManifest.xml:8:5-9:38
15        android:name="android.permission.READ_EXTERNAL_STORAGE"
15-->src\main\AndroidManifest.xml:8:22-77
16        android:maxSdkVersion="32" />
16-->src\main\AndroidManifest.xml:9:9-35
17    <uses-permission android:name="android.permission.READ_MEDIA_IMAGES" />
17-->src\main\AndroidManifest.xml:10:5-76
17-->src\main\AndroidManifest.xml:10:22-73
18    <uses-permission android:name="android.permission.CAMERA" />
18-->src\main\AndroidManifest.xml:11:5-65
18-->src\main\AndroidManifest.xml:11:22-62
19    <uses-permission android:name="android.permission.WAKE_LOCK" />
19-->[androidx.work:work-runtime:2.9.0] AndroidManifest.xml:23:5-68
19-->[androidx.work:work-runtime:2.9.0] AndroidManifest.xml:23:22-65
20    <uses-permission android:name="android.permission.RECEIVE_BOOT_COMPLETED" />
20-->[androidx.work:work-runtime:2.9.0] AndroidManifest.xml:25:5-81
20-->[androidx.work:work-runtime:2.9.0] AndroidManifest.xml:25:22-78
21    <uses-permission android:name="android.permission.FOREGROUND_SERVICE" />
21-->[androidx.work:work-runtime:2.9.0] AndroidManifest.xml:26:5-77
21-->[androidx.work:work-runtime:2.9.0] AndroidManifest.xml:26:22-74
22
23    <permission
23-->[androidx.core:core:1.12.0] AndroidManifest.xml:22:5-24:47
24        android:name="com.furniture.app.DYNAMIC_RECEIVER_NOT_EXPORTED_PERMISSION"
24-->[androidx.core:core:1.12.0] AndroidManifest.xml:23:9-81
25        android:protectionLevel="signature" />
25-->[androidx.core:core:1.12.0] AndroidManifest.xml:24:9-44
26
27    <uses-permission android:name="com.furniture.app.DYNAMIC_RECEIVER_NOT_EXPORTED_PERMISSION" />
27-->[androidx.core:core:1.12.0] AndroidManifest.xml:26:5-97
27-->[androidx.core:core:1.12.0] AndroidManifest.xml:26:22-94
28
29    <application
29-->src\main\AndroidManifest.xml:13:5-71:19
30        android:name="com.furniture.app.FurnitureApplication"
30-->src\main\AndroidManifest.xml:14:9-45
31        android:allowBackup="true"
31-->src\main\AndroidManifest.xml:15:9-35
32        android:appComponentFactory="androidx.core.app.CoreComponentFactory"
32-->[androidx.core:core:1.12.0] AndroidManifest.xml:28:18-86
33        android:debuggable="true"
34        android:extractNativeLibs="false"
35        android:icon="@mipmap/ic_launcher"
35-->src\main\AndroidManifest.xml:16:9-43
36        android:label="@string/app_name"
36-->src\main\AndroidManifest.xml:17:9-41
37        android:roundIcon="@mipmap/ic_launcher_round"
37-->src\main\AndroidManifest.xml:18:9-54
38        android:supportsRtl="true"
38-->src\main\AndroidManifest.xml:19:9-35
39        android:testOnly="true"
40        android:theme="@style/Theme.FurnitureApp"
40-->src\main\AndroidManifest.xml:20:9-50
41        android:usesCleartextTraffic="true" >
41-->src\main\AndroidManifest.xml:21:9-44
42
43        <!-- Splash Screen / Main Entry -->
44        <activity
44-->src\main\AndroidManifest.xml:25:9-33:20
45            android:name="com.furniture.app.ui.main.MainActivity"
45-->src\main\AndroidManifest.xml:26:13-49
46            android:exported="true"
46-->src\main\AndroidManifest.xml:27:13-36
47            android:theme="@style/Theme.FurnitureApp" >
47-->src\main\AndroidManifest.xml:28:13-54
48            <intent-filter>
48-->src\main\AndroidManifest.xml:29:13-32:29
49                <action android:name="android.intent.action.MAIN" />
49-->src\main\AndroidManifest.xml:30:17-69
49-->src\main\AndroidManifest.xml:30:25-66
50
51                <category android:name="android.intent.category.LAUNCHER" />
51-->src\main\AndroidManifest.xml:31:17-77
51-->src\main\AndroidManifest.xml:31:27-74
52            </intent-filter>
53        </activity>
54
55        <!-- Auth Activities -->
56        <activity
56-->src\main\AndroidManifest.xml:36:9-39:57
57            android:name="com.furniture.app.ui.auth.LoginActivity"
57-->src\main\AndroidManifest.xml:37:13-50
58            android:exported="false"
58-->src\main\AndroidManifest.xml:38:13-37
59            android:theme="@style/Theme.FurnitureApp" />
59-->src\main\AndroidManifest.xml:39:13-54
60        <activity
60-->src\main\AndroidManifest.xml:41:9-44:57
61            android:name="com.furniture.app.ui.auth.RegisterActivity"
61-->src\main\AndroidManifest.xml:42:13-53
62            android:exported="false"
62-->src\main\AndroidManifest.xml:43:13-37
63            android:theme="@style/Theme.FurnitureApp" />
63-->src\main\AndroidManifest.xml:44:13-54
64
65        <!-- Customer Activities -->
66        <activity
66-->src\main\AndroidManifest.xml:47:9-50:57
67            android:name="com.furniture.app.ui.customer.CustomerMainActivity"
67-->src\main\AndroidManifest.xml:48:13-61
68            android:exported="false"
68-->src\main\AndroidManifest.xml:49:13-37
69            android:theme="@style/Theme.FurnitureApp" />
69-->src\main\AndroidManifest.xml:50:13-54
70        <activity
70-->src\main\AndroidManifest.xml:52:9-55:57
71            android:name="com.furniture.app.ui.customer.product.ProductDetailActivity"
71-->src\main\AndroidManifest.xml:53:13-70
72            android:exported="false"
72-->src\main\AndroidManifest.xml:54:13-37
73            android:theme="@style/Theme.FurnitureApp" />
73-->src\main\AndroidManifest.xml:55:13-54
74
75        <!-- Payment Deep Link -->
76        <activity
76-->src\main\AndroidManifest.xml:58:9-69:20
77            android:name="com.furniture.app.ui.customer.order.PaymentCallbackActivity"
77-->src\main\AndroidManifest.xml:59:13-70
78            android:exported="true" >
78-->src\main\AndroidManifest.xml:60:13-36
79            <intent-filter>
79-->src\main\AndroidManifest.xml:61:13-68:29
80                <action android:name="android.intent.action.VIEW" />
80-->src\main\AndroidManifest.xml:62:17-69
80-->src\main\AndroidManifest.xml:62:25-66
81
82                <category android:name="android.intent.category.DEFAULT" />
82-->src\main\AndroidManifest.xml:63:17-76
82-->src\main\AndroidManifest.xml:63:27-73
83                <category android:name="android.intent.category.BROWSABLE" />
83-->src\main\AndroidManifest.xml:64:17-78
83-->src\main\AndroidManifest.xml:64:27-75
84
85                <data
85-->src\main\AndroidManifest.xml:65:17-67:46
86                    android:host="payment"
86-->src\main\AndroidManifest.xml:67:21-43
87                    android:scheme="furnitureapp" />
87-->src\main\AndroidManifest.xml:66:21-50
88            </intent-filter>
89        </activity>
90
91        <provider
91-->[androidx.work:work-runtime:2.9.0] AndroidManifest.xml:29:9-37:20
92            android:name="androidx.startup.InitializationProvider"
92-->[androidx.work:work-runtime:2.9.0] AndroidManifest.xml:30:13-67
93            android:authorities="com.furniture.app.androidx-startup"
93-->[androidx.work:work-runtime:2.9.0] AndroidManifest.xml:31:13-68
94            android:exported="false" >
94-->[androidx.work:work-runtime:2.9.0] AndroidManifest.xml:32:13-37
95            <meta-data
95-->[androidx.work:work-runtime:2.9.0] AndroidManifest.xml:34:13-36:52
96                android:name="androidx.work.WorkManagerInitializer"
96-->[androidx.work:work-runtime:2.9.0] AndroidManifest.xml:35:17-68
97                android:value="androidx.startup" />
97-->[androidx.work:work-runtime:2.9.0] AndroidManifest.xml:36:17-49
98            <meta-data
98-->[androidx.emoji2:emoji2:1.2.0] AndroidManifest.xml:29:13-31:52
99                android:name="androidx.emoji2.text.EmojiCompatInitializer"
99-->[androidx.emoji2:emoji2:1.2.0] AndroidManifest.xml:30:17-75
100                android:value="androidx.startup" />
100-->[androidx.emoji2:emoji2:1.2.0] AndroidManifest.xml:31:17-49
101            <meta-data
101-->[androidx.lifecycle:lifecycle-process:2.7.0] AndroidManifest.xml:29:13-31:52
102                android:name="androidx.lifecycle.ProcessLifecycleInitializer"
102-->[androidx.lifecycle:lifecycle-process:2.7.0] AndroidManifest.xml:30:17-78
103                android:value="androidx.startup" />
103-->[androidx.lifecycle:lifecycle-process:2.7.0] AndroidManifest.xml:31:17-49
104            <meta-data
104-->[androidx.profileinstaller:profileinstaller:1.3.0] AndroidManifest.xml:29:13-31:52
105                android:name="androidx.profileinstaller.ProfileInstallerInitializer"
105-->[androidx.profileinstaller:profileinstaller:1.3.0] AndroidManifest.xml:30:17-85
106                android:value="androidx.startup" />
106-->[androidx.profileinstaller:profileinstaller:1.3.0] AndroidManifest.xml:31:17-49
107        </provider>
108
109        <service
109-->[androidx.work:work-runtime:2.9.0] AndroidManifest.xml:39:9-45:35
110            android:name="androidx.work.impl.background.systemalarm.SystemAlarmService"
110-->[androidx.work:work-runtime:2.9.0] AndroidManifest.xml:40:13-88
111            android:directBootAware="false"
111-->[androidx.work:work-runtime:2.9.0] AndroidManifest.xml:41:13-44
112            android:enabled="@bool/enable_system_alarm_service_default"
112-->[androidx.work:work-runtime:2.9.0] AndroidManifest.xml:42:13-72
113            android:exported="false" />
113-->[androidx.work:work-runtime:2.9.0] AndroidManifest.xml:43:13-37
114        <service
114-->[androidx.work:work-runtime:2.9.0] AndroidManifest.xml:46:9-52:35
115            android:name="androidx.work.impl.background.systemjob.SystemJobService"
115-->[androidx.work:work-runtime:2.9.0] AndroidManifest.xml:47:13-84
116            android:directBootAware="false"
116-->[androidx.work:work-runtime:2.9.0] AndroidManifest.xml:48:13-44
117            android:enabled="@bool/enable_system_job_service_default"
117-->[androidx.work:work-runtime:2.9.0] AndroidManifest.xml:49:13-70
118            android:exported="true"
118-->[androidx.work:work-runtime:2.9.0] AndroidManifest.xml:50:13-36
119            android:permission="android.permission.BIND_JOB_SERVICE" />
119-->[androidx.work:work-runtime:2.9.0] AndroidManifest.xml:51:13-69
120        <service
120-->[androidx.work:work-runtime:2.9.0] AndroidManifest.xml:53:9-59:35
121            android:name="androidx.work.impl.foreground.SystemForegroundService"
121-->[androidx.work:work-runtime:2.9.0] AndroidManifest.xml:54:13-81
122            android:directBootAware="false"
122-->[androidx.work:work-runtime:2.9.0] AndroidManifest.xml:55:13-44
123            android:enabled="@bool/enable_system_foreground_service_default"
123-->[androidx.work:work-runtime:2.9.0] AndroidManifest.xml:56:13-77
124            android:exported="false" />
124-->[androidx.work:work-runtime:2.9.0] AndroidManifest.xml:57:13-37
125
126        <receiver
126-->[androidx.work:work-runtime:2.9.0] AndroidManifest.xml:61:9-66:35
127            android:name="androidx.work.impl.utils.ForceStopRunnable$BroadcastReceiver"
127-->[androidx.work:work-runtime:2.9.0] AndroidManifest.xml:62:13-88
128            android:directBootAware="false"
128-->[androidx.work:work-runtime:2.9.0] AndroidManifest.xml:63:13-44
129            android:enabled="true"
129-->[androidx.work:work-runtime:2.9.0] AndroidManifest.xml:64:13-35
130            android:exported="false" />
130-->[androidx.work:work-runtime:2.9.0] AndroidManifest.xml:65:13-37
131        <receiver
131-->[androidx.work:work-runtime:2.9.0] AndroidManifest.xml:67:9-77:20
132            android:name="androidx.work.impl.background.systemalarm.ConstraintProxy$BatteryChargingProxy"
132-->[androidx.work:work-runtime:2.9.0] AndroidManifest.xml:68:13-106
133            android:directBootAware="false"
133-->[androidx.work:work-runtime:2.9.0] AndroidManifest.xml:69:13-44
134            android:enabled="false"
134-->[androidx.work:work-runtime:2.9.0] AndroidManifest.xml:70:13-36
135            android:exported="false" >
135-->[androidx.work:work-runtime:2.9.0] AndroidManifest.xml:71:13-37
136            <intent-filter>
136-->[androidx.work:work-runtime:2.9.0] AndroidManifest.xml:73:13-76:29
137                <action android:name="android.intent.action.ACTION_POWER_CONNECTED" />
137-->[androidx.work:work-runtime:2.9.0] AndroidManifest.xml:74:17-87
137-->[androidx.work:work-runtime:2.9.0] AndroidManifest.xml:74:25-84
138                <action android:name="android.intent.action.ACTION_POWER_DISCONNECTED" />
138-->[androidx.work:work-runtime:2.9.0] AndroidManifest.xml:75:17-90
138-->[androidx.work:work-runtime:2.9.0] AndroidManifest.xml:75:25-87
139            </intent-filter>
140        </receiver>
141        <receiver
141-->[androidx.work:work-runtime:2.9.0] AndroidManifest.xml:78:9-88:20
142            android:name="androidx.work.impl.background.systemalarm.ConstraintProxy$BatteryNotLowProxy"
142-->[androidx.work:work-runtime:2.9.0] AndroidManifest.xml:79:13-104
143            android:directBootAware="false"
143-->[androidx.work:work-runtime:2.9.0] AndroidManifest.xml:80:13-44
144            android:enabled="false"
144-->[androidx.work:work-runtime:2.9.0] AndroidManifest.xml:81:13-36
145            android:exported="false" >
145-->[androidx.work:work-runtime:2.9.0] AndroidManifest.xml:82:13-37
146            <intent-filter>
146-->[androidx.work:work-runtime:2.9.0] AndroidManifest.xml:84:13-87:29
147                <action android:name="android.intent.action.BATTERY_OKAY" />
147-->[androidx.work:work-runtime:2.9.0] AndroidManifest.xml:85:17-77
147-->[androidx.work:work-runtime:2.9.0] AndroidManifest.xml:85:25-74
148                <action android:name="android.intent.action.BATTERY_LOW" />
148-->[androidx.work:work-runtime:2.9.0] AndroidManifest.xml:86:17-76
148-->[androidx.work:work-runtime:2.9.0] AndroidManifest.xml:86:25-73
149            </intent-filter>
150        </receiver>
151        <receiver
151-->[androidx.work:work-runtime:2.9.0] AndroidManifest.xml:89:9-99:20
152            android:name="androidx.work.impl.background.systemalarm.ConstraintProxy$StorageNotLowProxy"
152-->[androidx.work:work-runtime:2.9.0] AndroidManifest.xml:90:13-104
153            android:directBootAware="false"
153-->[androidx.work:work-runtime:2.9.0] AndroidManifest.xml:91:13-44
154            android:enabled="false"
154-->[androidx.work:work-runtime:2.9.0] AndroidManifest.xml:92:13-36
155            android:exported="false" >
155-->[androidx.work:work-runtime:2.9.0] AndroidManifest.xml:93:13-37
156            <intent-filter>
156-->[androidx.work:work-runtime:2.9.0] AndroidManifest.xml:95:13-98:29
157                <action android:name="android.intent.action.DEVICE_STORAGE_LOW" />
157-->[androidx.work:work-runtime:2.9.0] AndroidManifest.xml:96:17-83
157-->[androidx.work:work-runtime:2.9.0] AndroidManifest.xml:96:25-80
158                <action android:name="android.intent.action.DEVICE_STORAGE_OK" />
158-->[androidx.work:work-runtime:2.9.0] AndroidManifest.xml:97:17-82
158-->[androidx.work:work-runtime:2.9.0] AndroidManifest.xml:97:25-79
159            </intent-filter>
160        </receiver>
161        <receiver
161-->[androidx.work:work-runtime:2.9.0] AndroidManifest.xml:100:9-109:20
162            android:name="androidx.work.impl.background.systemalarm.ConstraintProxy$NetworkStateProxy"
162-->[androidx.work:work-runtime:2.9.0] AndroidManifest.xml:101:13-103
163            android:directBootAware="false"
163-->[androidx.work:work-runtime:2.9.0] AndroidManifest.xml:102:13-44
164            android:enabled="false"
164-->[androidx.work:work-runtime:2.9.0] AndroidManifest.xml:103:13-36
165            android:exported="false" >
165-->[androidx.work:work-runtime:2.9.0] AndroidManifest.xml:104:13-37
166            <intent-filter>
166-->[androidx.work:work-runtime:2.9.0] AndroidManifest.xml:106:13-108:29
167                <action android:name="android.net.conn.CONNECTIVITY_CHANGE" />
167-->[androidx.work:work-runtime:2.9.0] AndroidManifest.xml:107:17-79
167-->[androidx.work:work-runtime:2.9.0] AndroidManifest.xml:107:25-76
168            </intent-filter>
169        </receiver>
170        <receiver
170-->[androidx.work:work-runtime:2.9.0] AndroidManifest.xml:110:9-121:20
171            android:name="androidx.work.impl.background.systemalarm.RescheduleReceiver"
171-->[androidx.work:work-runtime:2.9.0] AndroidManifest.xml:111:13-88
172            android:directBootAware="false"
172-->[androidx.work:work-runtime:2.9.0] AndroidManifest.xml:112:13-44
173            android:enabled="false"
173-->[androidx.work:work-runtime:2.9.0] AndroidManifest.xml:113:13-36
174            android:exported="false" >
174-->[androidx.work:work-runtime:2.9.0] AndroidManifest.xml:114:13-37
175            <intent-filter>
175-->[androidx.work:work-runtime:2.9.0] AndroidManifest.xml:116:13-120:29
176                <action android:name="android.intent.action.BOOT_COMPLETED" />
176-->[androidx.work:work-runtime:2.9.0] AndroidManifest.xml:117:17-79
176-->[androidx.work:work-runtime:2.9.0] AndroidManifest.xml:117:25-76
177                <action android:name="android.intent.action.TIME_SET" />
177-->[androidx.work:work-runtime:2.9.0] AndroidManifest.xml:118:17-73
177-->[androidx.work:work-runtime:2.9.0] AndroidManifest.xml:118:25-70
178                <action android:name="android.intent.action.TIMEZONE_CHANGED" />
178-->[androidx.work:work-runtime:2.9.0] AndroidManifest.xml:119:17-81
178-->[androidx.work:work-runtime:2.9.0] AndroidManifest.xml:119:25-78
179            </intent-filter>
180        </receiver>
181        <receiver
181-->[androidx.work:work-runtime:2.9.0] AndroidManifest.xml:122:9-131:20
182            android:name="androidx.work.impl.background.systemalarm.ConstraintProxyUpdateReceiver"
182-->[androidx.work:work-runtime:2.9.0] AndroidManifest.xml:123:13-99
183            android:directBootAware="false"
183-->[androidx.work:work-runtime:2.9.0] AndroidManifest.xml:124:13-44
184            android:enabled="@bool/enable_system_alarm_service_default"
184-->[androidx.work:work-runtime:2.9.0] AndroidManifest.xml:125:13-72
185            android:exported="false" >
185-->[androidx.work:work-runtime:2.9.0] AndroidManifest.xml:126:13-37
186            <intent-filter>
186-->[androidx.work:work-runtime:2.9.0] AndroidManifest.xml:128:13-130:29
187                <action android:name="androidx.work.impl.background.systemalarm.UpdateProxies" />
187-->[androidx.work:work-runtime:2.9.0] AndroidManifest.xml:129:17-98
187-->[androidx.work:work-runtime:2.9.0] AndroidManifest.xml:129:25-95
188            </intent-filter>
189        </receiver>
190        <receiver
190-->[androidx.work:work-runtime:2.9.0] AndroidManifest.xml:132:9-142:20
191            android:name="androidx.work.impl.diagnostics.DiagnosticsReceiver"
191-->[androidx.work:work-runtime:2.9.0] AndroidManifest.xml:133:13-78
192            android:directBootAware="false"
192-->[androidx.work:work-runtime:2.9.0] AndroidManifest.xml:134:13-44
193            android:enabled="true"
193-->[androidx.work:work-runtime:2.9.0] AndroidManifest.xml:135:13-35
194            android:exported="true"
194-->[androidx.work:work-runtime:2.9.0] AndroidManifest.xml:136:13-36
195            android:permission="android.permission.DUMP" >
195-->[androidx.work:work-runtime:2.9.0] AndroidManifest.xml:137:13-57
196            <intent-filter>
196-->[androidx.work:work-runtime:2.9.0] AndroidManifest.xml:139:13-141:29
197                <action android:name="androidx.work.diagnostics.REQUEST_DIAGNOSTICS" />
197-->[androidx.work:work-runtime:2.9.0] AndroidManifest.xml:140:17-88
197-->[androidx.work:work-runtime:2.9.0] AndroidManifest.xml:140:25-85
198            </intent-filter>
199        </receiver>
200
201        <activity
201-->[com.google.android.gms:play-services-auth:20.7.0] AndroidManifest.xml:23:9-27:75
202            android:name="com.google.android.gms.auth.api.signin.internal.SignInHubActivity"
202-->[com.google.android.gms:play-services-auth:20.7.0] AndroidManifest.xml:24:13-93
203            android:excludeFromRecents="true"
203-->[com.google.android.gms:play-services-auth:20.7.0] AndroidManifest.xml:25:13-46
204            android:exported="false"
204-->[com.google.android.gms:play-services-auth:20.7.0] AndroidManifest.xml:26:13-37
205            android:theme="@android:style/Theme.Translucent.NoTitleBar" />
205-->[com.google.android.gms:play-services-auth:20.7.0] AndroidManifest.xml:27:13-72
206        <!--
207            Service handling Google Sign-In user revocation. For apps that do not integrate with
208            Google Sign-In, this service will never be started.
209        -->
210        <service
210-->[com.google.android.gms:play-services-auth:20.7.0] AndroidManifest.xml:33:9-37:51
211            android:name="com.google.android.gms.auth.api.signin.RevocationBoundService"
211-->[com.google.android.gms:play-services-auth:20.7.0] AndroidManifest.xml:34:13-89
212            android:exported="true"
212-->[com.google.android.gms:play-services-auth:20.7.0] AndroidManifest.xml:35:13-36
213            android:permission="com.google.android.gms.auth.api.signin.permission.REVOCATION_NOTIFICATION"
213-->[com.google.android.gms:play-services-auth:20.7.0] AndroidManifest.xml:36:13-107
214            android:visibleToInstantApps="true" />
214-->[com.google.android.gms:play-services-auth:20.7.0] AndroidManifest.xml:37:13-48
215
216        <activity
216-->[com.google.android.gms:play-services-base:18.0.1] AndroidManifest.xml:20:9-22:45
217            android:name="com.google.android.gms.common.api.GoogleApiActivity"
217-->[com.google.android.gms:play-services-base:18.0.1] AndroidManifest.xml:20:19-85
218            android:exported="false"
218-->[com.google.android.gms:play-services-base:18.0.1] AndroidManifest.xml:22:19-43
219            android:theme="@android:style/Theme.Translucent.NoTitleBar" />
219-->[com.google.android.gms:play-services-base:18.0.1] AndroidManifest.xml:21:19-78
220
221        <meta-data
221-->[com.google.android.gms:play-services-basement:18.2.0] AndroidManifest.xml:21:9-23:69
222            android:name="com.google.android.gms.version"
222-->[com.google.android.gms:play-services-basement:18.2.0] AndroidManifest.xml:22:13-58
223            android:value="@integer/google_play_services_version" />
223-->[com.google.android.gms:play-services-basement:18.2.0] AndroidManifest.xml:23:13-66
224
225        <uses-library
225-->[androidx.window:window:1.0.0] AndroidManifest.xml:25:9-27:40
226            android:name="androidx.window.extensions"
226-->[androidx.window:window:1.0.0] AndroidManifest.xml:26:13-54
227            android:required="false" />
227-->[androidx.window:window:1.0.0] AndroidManifest.xml:27:13-37
228        <uses-library
228-->[androidx.window:window:1.0.0] AndroidManifest.xml:28:9-30:40
229            android:name="androidx.window.sidecar"
229-->[androidx.window:window:1.0.0] AndroidManifest.xml:29:13-51
230            android:required="false" />
230-->[androidx.window:window:1.0.0] AndroidManifest.xml:30:13-37
231
232        <service
232-->[androidx.room:room-runtime:2.6.1] AndroidManifest.xml:24:9-28:63
233            android:name="androidx.room.MultiInstanceInvalidationService"
233-->[androidx.room:room-runtime:2.6.1] AndroidManifest.xml:25:13-74
234            android:directBootAware="true"
234-->[androidx.room:room-runtime:2.6.1] AndroidManifest.xml:26:13-43
235            android:exported="false" />
235-->[androidx.room:room-runtime:2.6.1] AndroidManifest.xml:27:13-37
236
237        <receiver
237-->[androidx.profileinstaller:profileinstaller:1.3.0] AndroidManifest.xml:34:9-52:20
238            android:name="androidx.profileinstaller.ProfileInstallReceiver"
238-->[androidx.profileinstaller:profileinstaller:1.3.0] AndroidManifest.xml:35:13-76
239            android:directBootAware="false"
239-->[androidx.profileinstaller:profileinstaller:1.3.0] AndroidManifest.xml:36:13-44
240            android:enabled="true"
240-->[androidx.profileinstaller:profileinstaller:1.3.0] AndroidManifest.xml:37:13-35
241            android:exported="true"
241-->[androidx.profileinstaller:profileinstaller:1.3.0] AndroidManifest.xml:38:13-36
242            android:permission="android.permission.DUMP" >
242-->[androidx.profileinstaller:profileinstaller:1.3.0] AndroidManifest.xml:39:13-57
243            <intent-filter>
243-->[androidx.profileinstaller:profileinstaller:1.3.0] AndroidManifest.xml:40:13-42:29
244                <action android:name="androidx.profileinstaller.action.INSTALL_PROFILE" />
244-->[androidx.profileinstaller:profileinstaller:1.3.0] AndroidManifest.xml:41:17-91
244-->[androidx.profileinstaller:profileinstaller:1.3.0] AndroidManifest.xml:41:25-88
245            </intent-filter>
246            <intent-filter>
246-->[androidx.profileinstaller:profileinstaller:1.3.0] AndroidManifest.xml:43:13-45:29
247                <action android:name="androidx.profileinstaller.action.SKIP_FILE" />
247-->[androidx.profileinstaller:profileinstaller:1.3.0] AndroidManifest.xml:44:17-85
247-->[androidx.profileinstaller:profileinstaller:1.3.0] AndroidManifest.xml:44:25-82
248            </intent-filter>
249            <intent-filter>
249-->[androidx.profileinstaller:profileinstaller:1.3.0] AndroidManifest.xml:46:13-48:29
250                <action android:name="androidx.profileinstaller.action.SAVE_PROFILE" />
250-->[androidx.profileinstaller:profileinstaller:1.3.0] AndroidManifest.xml:47:17-88
250-->[androidx.profileinstaller:profileinstaller:1.3.0] AndroidManifest.xml:47:25-85
251            </intent-filter>
252            <intent-filter>
252-->[androidx.profileinstaller:profileinstaller:1.3.0] AndroidManifest.xml:49:13-51:29
253                <action android:name="androidx.profileinstaller.action.BENCHMARK_OPERATION" />
253-->[androidx.profileinstaller:profileinstaller:1.3.0] AndroidManifest.xml:50:17-95
253-->[androidx.profileinstaller:profileinstaller:1.3.0] AndroidManifest.xml:50:25-92
254            </intent-filter>
255        </receiver>
256    </application>
257
258</manifest>